  sc_main.cpp
  Unknown compiler version - please run the configure tests and report the results
c:\users\wit\documents\visual studio 2015\projects\laba1-2\laba1-2\adder.h(78): error C2275: 'sc_dt::sc_uint<4>': illegal use of this type as an expression
c:\users\wit\documents\visual studio 2015\projects\laba1-2\laba1-2\adder.h(78): error C2146: syntax error: missing ';' before identifier 'one'
c:\users\wit\documents\visual studio 2015\projects\laba1-2\laba1-2\adder.h(78): error C2065: 'one': undeclared identifier
c:\users\wit\documents\visual studio 2015\projects\laba1-2\laba1-2\adder.h(79): error C2065: 'one': undeclared identifier
c:\users\wit\documents\visual studio 2015\projects\laba1-2\laba1-2\adder.h(81): error C2065: 'one': undeclared identifier
c:\users\wit\documents\visual studio 2015\projects\laba1-2\laba1-2\adder.h(81): error C2660: 'add_sub::fulladder': function does not take 3 arguments
c:\users\wit\documents\visual studio 2015\projects\laba1-2\laba1-2\adder.h(82): error C2065: 'one': undeclared identifier
c:\users\wit\documents\visual studio 2015\projects\laba1-2\laba1-2\adder.h(82): error C2660: 'add_sub::fulladder': function does not take 3 arguments
c:\users\wit\documents\visual studio 2015\projects\laba1-2\laba1-2\adder.h(83): error C2065: 'one': undeclared identifier
c:\users\wit\documents\visual studio 2015\projects\laba1-2\laba1-2\adder.h(83): error C2660: 'add_sub::fulladder': function does not take 3 arguments
c:\users\wit\documents\visual studio 2015\projects\laba1-2\laba1-2\adder.h(84): error C2065: 'one': undeclared identifier
c:\users\wit\documents\visual studio 2015\projects\laba1-2\laba1-2\adder.h(84): error C2660: 'add_sub::fulladder': function does not take 3 arguments
c:\users\wit\documents\visual studio 2015\projects\laba1-2\laba1-2\check.h(29): warning C4805: '==': unsafe mix of type 'sc_core::sc_in<bool>::data_type' and type 'sc_dt::uint64' in operation
